0 info it worked if it ends with ok
1 verbose cli [ 'node', '/usr/local/bin/npm', 'install', '-g', 'marked' ]
2 info using npm@1.2.17
3 info using node@v0.10.3
4 verbose read json /usr/local/lib/package.json
5 verbose read json /usr/local/lib/package.json
6 verbose cache add [ 'marked', null ]
7 verbose cache add name=undefined spec="marked" args=["marked",null]
8 verbose parsed url { protocol: null,
8 verbose parsed url   slashes: null,
8 verbose parsed url   auth: null,
8 verbose parsed url   host: null,
8 verbose parsed url   port: null,
8 verbose parsed url   hostname: null,
8 verbose parsed url   hash: null,
8 verbose parsed url   search: null,
8 verbose parsed url   query: null,
8 verbose parsed url   pathname: 'marked',
8 verbose parsed url   path: 'marked',
8 verbose parsed url   href: 'marked' }
9 silly lockFile 8fb3697a-marked marked
10 verbose lock marked /Users/jessicalord/.npm/8fb3697a-marked.lock
11 silly lockFile 8fb3697a-marked marked
12 silly lockFile 8fb3697a-marked marked
13 verbose addNamed [ 'marked', '' ]
14 verbose addNamed [ null, '' ]
15 silly lockFile 855ceee8-marked marked@
16 verbose lock marked@ /Users/jessicalord/.npm/855ceee8-marked.lock
17 silly addNameRange { name: 'marked', range: '', hasData: false }
18 verbose url raw marked
19 verbose url resolving [ 'https://registry.npmjs.org/', './marked' ]
20 verbose url resolved https://registry.npmjs.org/marked
21 info trying registry request attempt 1 at 14:13:19
22 verbose etag "8B1O9W8YDAS06JQQPI8U7H28A"
23 http GET https://registry.npmjs.org/marked
24 http 304 https://registry.npmjs.org/marked
25 silly registry.get cb [ 304,
25 silly registry.get   { server: 'CouchDB/1.3.0 (Erlang OTP/R15B03)',
25 silly registry.get     etag: '"8B1O9W8YDAS06JQQPI8U7H28A"',
25 silly registry.get     date: 'Sat, 18 May 2013 21:13:18 GMT',
25 silly registry.get     'content-length': '0' } ]
26 verbose etag marked from cache
27 silly addNameRange number 2 { name: 'marked', range: '', hasData: true }
28 silly addNameRange versions [ 'marked',
28 silly addNameRange   [ '0.0.1',
28 silly addNameRange     '0.0.2',
28 silly addNameRange     '0.0.3',
28 silly addNameRange     '0.0.4',
28 silly addNameRange     '0.0.5',
28 silly addNameRange     '0.0.6',
28 silly addNameRange     '0.0.7',
28 silly addNameRange     '0.0.8',
28 silly addNameRange     '0.0.9',
28 silly addNameRange     '0.1.0',
28 silly addNameRange     '0.1.1',
28 silly addNameRange     '0.1.2',
28 silly addNameRange     '0.1.3',
28 silly addNameRange     '0.1.4',
28 silly addNameRange     '0.1.5',
28 silly addNameRange     '0.1.6',
28 silly addNameRange     '0.1.7',
28 silly addNameRange     '0.1.8',
28 silly addNameRange     '0.1.9',
28 silly addNameRange     '0.2.0',
28 silly addNameRange     '0.2.1',
28 silly addNameRange     '0.2.2',
28 silly addNameRange     '0.2.2-1',
28 silly addNameRange     '0.2.3',
28 silly addNameRange     '0.2.4',
28 silly addNameRange     '0.2.4-1',
28 silly addNameRange     '0.2.5',
28 silly addNameRange     '0.2.6',
28 silly addNameRange     '0.2.7',
28 silly addNameRange     '0.2.8' ] ]
29 verbose addNamed [ 'marked', '0.2.8' ]
30 verbose addNamed [ '0.2.8', '0.2.8' ]
31 silly lockFile 63390551-marked-0-2-8 marked@0.2.8
32 verbose lock marked@0.2.8 /Users/jessicalord/.npm/63390551-marked-0-2-8.lock
33 verbose read json /Users/jessicalord/.npm/marked/0.2.8/package/package.json
34 silly lockFile 63390551-marked-0-2-8 marked@0.2.8
35 silly lockFile 63390551-marked-0-2-8 marked@0.2.8
36 silly lockFile 855ceee8-marked marked@
37 silly lockFile 855ceee8-marked marked@
38 silly resolved [ { name: 'marked',
38 silly resolved     description: 'A markdown parser built for speed',
38 silly resolved     author: { name: 'Christopher Jeffrey' },
38 silly resolved     version: '0.2.8',
38 silly resolved     main: './lib/marked.js',
38 silly resolved     bin: { marked: './bin/marked' },
38 silly resolved     man: [ './man/marked.1' ],
38 silly resolved     preferGlobal: true,
38 silly resolved     repository: { type: 'git', url: 'git://github.com/chjj/marked.git' },
38 silly resolved     homepage: 'https://github.com/chjj/marked',
38 silly resolved     bugs: { url: 'http://github.com/chjj/marked/issues' },
38 silly resolved     keywords: [ 'markdown', 'markup', 'html' ],
38 silly resolved     tags: [ 'markdown', 'markup', 'html' ],
38 silly resolved     scripts: { test: 'node test', bench: 'node test --bench' },
38 silly resolved     readme: '# marked\n\nA full-featured markdown parser and compiler, written in javascript.\nBuilt for speed.\n\n## Benchmarks\n\nnode v0.4.x\n\n``` bash\n$ node test --bench\nmarked completed in 12071ms.\nshowdown (reuse converter) completed in 27387ms.\nshowdown (new converter) completed in 75617ms.\nmarkdown-js completed in 70069ms.\n```\n\nnode v0.6.x\n\n``` bash\n$ node test --bench\nmarked completed in 6448ms.\nmarked (gfm) completed in 7357ms.\nmarked (pedantic) completed in 6092ms.\ndiscount completed in 7314ms.\nshowdown (reuse converter) completed in 16018ms.\nshowdown (new converter) completed in 18234ms.\nmarkdown-js completed in 24270ms.\n```\n\n__Marked is now faster than Discount, which is written in C.__\n\nFor those feeling skeptical: These benchmarks run the entire markdown test suite\n1000 times. The test suite tests every feature. It doesn\'t cater to specific\naspects.\n\n## Install\n\n``` bash\n$ npm install marked\n```\n\n## Another Javascript Markdown Parser\n\nThe point of marked was to create a markdown compiler where it was possible to\nfrequently parse huge chunks of markdown without having to worry about\ncaching the compiled output somehow...or blocking for an unnecesarily long time.\n\nmarked is very concise and still implements all markdown features. It is also\nnow fully compatible with the client-side.\n\nmarked more or less passes the official markdown test suite in its\nentirety. This is important because a surprising number of markdown compilers\ncannot pass more than a few tests. It was very difficult to get marked as\ncompliant as it is. It could have cut corners in several areas for the sake\nof performance, but did not in order to be exactly what you expect in terms\nof a markdown rendering. In fact, this is why marked could be considered at a\ndisadvantage in the benchmarks above.\n\nAlong with implementing every markdown feature, marked also implements\n[GFM features](http://github.github.com/github-flavored-markdown/).\n\n## Options\n\nmarked has a few different switches which change behavior.\n\n- __pedantic__: Conform to obscure parts of `markdown.pl` as much as possible.\n  Don\'t fix any of the original markdown bugs or poor behavior.\n- __gfm__: Enable github flavored markdown (enabled by default).\n- __sanitize__: Sanitize the output. Ignore any HTML that has been input.\n- __highlight__: A callback to highlight code blocks.\n- __tables__: Enable GFM tables. This is enabled by default. (Requires the\n  `gfm` option in order to be enabled).\n- __breaks__: Enable GFM line breaks. Disabled by default.\n- __smartLists__: Use smarter list behavior than the original markdown.\n  Disabled by default. May eventually be default with the old behavior\n  moved into `pedantic`.\n- __langPrefix__: Set the prefix for code block classes. Defaults to `lang-`.\n\n## Usage\n\n``` js\n// Set default options\nmarked.setOptions({\n  gfm: true,\n  tables: true,\n  breaks: false,\n  pedantic: false,\n  sanitize: true,\n  smartLists: true,\n  langPrefix: \'language-\',\n  highlight: function(code, lang) {\n    if (lang === \'js\') {\n      return highlighter.javascript(code);\n    }\n    return code;\n  }\n});\nconsole.log(marked(\'i am using __markdown__.\'));\n```\n\nYou also have direct access to the lexer and parser if you so desire.\n\n``` js\nvar tokens = marked.lexer(text, options);\nconsole.log(marked.parser(tokens));\n```\n\n``` js\nvar lexer = new marked.Lexer(options);\nvar tokens = lexer.lex(text);\nconsole.log(tokens);\nconsole.log(lexer.rules);\n```\n\n``` bash\n$ node\n> require(\'marked\').lexer(\'> i am using marked.\')\n[ { type: \'blockquote_start\' },\n  { type: \'paragraph\',\n    text: \'i am using marked.\' },\n  { type: \'blockquote_end\' },\n  links: {} ]\n```\n\n## CLI\n\n``` bash\n$ marked -o hello.html\nhello world\n^D\n$ cat hello.html\n<p>hello world</p>\n```\n\n## License\n\nCopyright (c) 2011-2013, Christopher Jeffrey. (MIT License)\n\nSee LICENSE for more info.\n',
38 silly resolved     readmeFilename: 'README.md',
38 silly resolved     _id: 'marked@0.2.8',
38 silly resolved     _from: 'marked@' } ]
39 info install marked@0.2.8 into /usr/local/lib
40 info installOne marked@0.2.8
41 verbose from cache /Users/jessicalord/.npm/marked/0.2.8/package/package.json
42 info /usr/local/lib/node_modules/marked unbuild
43 verbose read json /usr/local/lib/node_modules/marked/package.json
44 verbose tar unpack /Users/jessicalord/.npm/marked/0.2.8/package.tgz
45 silly lockFile 50a82f9f-sr-local-lib-node-modules-marked /usr/local/lib/node_modules/marked
46 verbose lock /usr/local/lib/node_modules/marked /Users/jessicalord/.npm/50a82f9f-sr-local-lib-node-modules-marked.lock
47 silly lockFile 65c76368-ord-npm-marked-0-2-8-package-tgz /Users/jessicalord/.npm/marked/0.2.8/package.tgz
48 verbose lock /Users/jessicalord/.npm/marked/0.2.8/package.tgz /Users/jessicalord/.npm/65c76368-ord-npm-marked-0-2-8-package-tgz.lock
49 silly gunzTarPerm modes [ '755', '644' ]
50 silly gunzTarPerm extractEntry package.json
51 silly gunzTarPerm extractEntry .npmignore
52 silly gunzTarPerm extractEntry README.md
53 silly gunzTarPerm extractEntry LICENSE
54 silly gunzTarPerm extractEntry index.js
55 silly gunzTarPerm extractEntry Makefile
56 silly gunzTarPerm extractEntry bin/marked
57 silly gunzTarPerm extractEntry lib/marked.js
58 silly gunzTarPerm extractEntry man/marked.1
59 verbose read json /usr/local/lib/node_modules/marked/package.json
60 silly lockFile 50a82f9f-sr-local-lib-node-modules-marked /usr/local/lib/node_modules/marked
61 silly lockFile 50a82f9f-sr-local-lib-node-modules-marked /usr/local/lib/node_modules/marked
62 silly lockFile 65c76368-ord-npm-marked-0-2-8-package-tgz /Users/jessicalord/.npm/marked/0.2.8/package.tgz
63 silly lockFile 65c76368-ord-npm-marked-0-2-8-package-tgz /Users/jessicalord/.npm/marked/0.2.8/package.tgz
64 info preinstall marked@0.2.8
65 verbose from cache /usr/local/lib/node_modules/marked/package.json
66 verbose readDependencies using package.json deps
67 verbose from cache /usr/local/lib/node_modules/marked/package.json
68 verbose readDependencies using package.json deps
69 silly resolved []
70 verbose about to build /usr/local/lib/node_modules/marked
71 info build /usr/local/lib/node_modules/marked
72 verbose from cache /usr/local/lib/node_modules/marked/package.json
73 verbose linkStuff [ true,
73 verbose linkStuff   '/usr/local/lib/node_modules',
73 verbose linkStuff   true,
73 verbose linkStuff   '/usr/local/lib/node_modules' ]
74 info linkStuff marked@0.2.8
75 verbose linkBins marked@0.2.8
76 verbose link bins [ { marked: './bin/marked' }, '/usr/local/bin', true ]
77 verbose linkMans marked@0.2.8
78 verbose rebuildBundles marked@0.2.8
79 info install marked@0.2.8
80 info postinstall marked@0.2.8
81 verbose read json /usr/local/lib/package.json
82 verbose read json /usr/local/lib/node_modules/beefy/package.json
83 verbose read json /usr/local/lib/node_modules/browserify/package.json
84 verbose read json /usr/local/lib/node_modules/carto/package.json
85 verbose read json /usr/local/lib/node_modules/http-server/package.json
86 verbose read json /usr/local/lib/node_modules/image-batch-resizer/package.json
87 verbose read json /usr/local/lib/node_modules/jitsu/package.json
88 verbose read json /usr/local/lib/node_modules/json/package.json
89 verbose from cache /usr/local/lib/node_modules/marked/package.json
90 verbose read json /usr/local/lib/node_modules/millstone/package.json
91 verbose read json /usr/local/lib/node_modules/nab/package.json
92 verbose read json /usr/local/lib/node_modules/nave/package.json
93 verbose read json /usr/local/lib/node_modules/nodemon/package.json
94 verbose read json /usr/local/lib/node_modules/npm/package.json
95 verbose read json /usr/local/lib/node_modules/roto/package.json
96 verbose read json /usr/local/lib/node_modules/styler/package.json
97 verbose read json /usr/local/lib/node_modules/tako/package.json
98 verbose read json /usr/local/lib/node_modules/uglify-js/package.json
99 verbose read json /usr/local/lib/node_modules/underscore/package.json
100 verbose read json /usr/local/lib/node_modules/ytdl/package.json
101 verbose read json /usr/local/lib/node_modules/beefy/node_modules/colors/package.json
102 verbose read json /usr/local/lib/node_modules/beefy/node_modules/mime/package.json
103 verbose read json /usr/local/lib/node_modules/beefy/node_modules/nopt/package.json
104 verbose read json /usr/local/lib/node_modules/beefy/node_modules/response-stream/package.json
105 verbose read json /usr/local/lib/node_modules/beefy/node_modules/sse-stream/package.json
106 verbose read json /usr/local/lib/node_modules/beefy/node_modules/through/package.json
107 verbose read json /usr/local/lib/node_modules/beefy/node_modules/watchr/package.json
108 verbose read json /usr/local/lib/node_modules/browserify/node_modules/buffer-browserify/package.json
109 verbose read json /usr/local/lib/node_modules/browserify/node_modules/coffee-script/package.json
110 verbose read json /usr/local/lib/node_modules/browserify/node_modules/commondir/package.json
111 verbose read json /usr/local/lib/node_modules/browserify/node_modules/crypto-browserify/package.json
112 verbose read json /usr/local/lib/node_modules/browserify/node_modules/deputy/package.json
113 verbose read json /usr/local/lib/node_modules/browserify/node_modules/detective/package.json
114 verbose read json /usr/local/lib/node_modules/browserify/node_modules/http-browserify/package.json
115 verbose read json /usr/local/lib/node_modules/browserify/node_modules/nub/package.json
116 verbose read json /usr/local/lib/node_modules/browserify/node_modules/optimist/package.json
117 verbose read json /usr/local/lib/node_modules/browserify/node_modules/resolve/package.json
118 verbose read json /usr/local/lib/node_modules/browserify/node_modules/syntax-error/package.json
119 verbose read json /usr/local/lib/node_modules/browserify/node_modules/vm-browserify/package.json
120 warn package.json tako@0.2.0 No README.md file found!
121 verbose read json /usr/local/lib/node_modules/http-server/node_modules/colors/package.json
122 verbose read json /usr/local/lib/node_modules/http-server/node_modules/ecstatic/package.json
123 verbose read json /usr/local/lib/node_modules/http-server/node_modules/optimist/package.json
124 verbose read json /usr/local/lib/node_modules/http-server/node_modules/portfinder/package.json
125 verbose read json /usr/local/lib/node_modules/http-server/node_modules/union/package.json
126 verbose read json /usr/local/lib/node_modules/image-batch-resizer/node_modules/chain-gang/package.json
127 verbose read json /usr/local/lib/node_modules/image-batch-resizer/node_modules/colors/package.json
128 verbose read json /usr/local/lib/node_modules/image-batch-resizer/node_modules/imagemagick/package.json
129 verbose read json /usr/local/lib/node_modules/image-batch-resizer/node_modules/optimist/package.json
130 verbose read json /usr/local/lib/node_modules/image-batch-resizer/node_modules/walkdir/package.json
131 verbose read json /usr/local/lib/node_modules/nab/node_modules/commander/package.json
132 verbose read json /usr/local/lib/node_modules/nab/node_modules/progress/package.json
133 verbose read json /usr/local/lib/node_modules/nab/node_modules/urllib/package.json
134 verbose read json /usr/local/lib/node_modules/roto/node_modules/async/package.json
135 verbose read json /usr/local/lib/node_modules/roto/node_modules/glob/package.json
136 verbose read json /usr/local/lib/node_modules/roto/node_modules/handlebars/package.json
137 verbose read json /usr/local/lib/node_modules/roto/node_modules/jshint/package.json
138 verbose read json /usr/local/lib/node_modules/roto/node_modules/knox/package.json
139 verbose read json /usr/local/lib/node_modules/roto/node_modules/less/package.json
140 verbose read json /usr/local/lib/node_modules/roto/node_modules/mime/package.json
141 verbose read json /usr/local/lib/node_modules/roto/node_modules/mocha/package.json
142 verbose read json /usr/local/lib/node_modules/roto/node_modules/optimist/package.json
143 verbose read json /usr/local/lib/node_modules/roto/node_modules/uglify-js/package.json
144 verbose read json /usr/local/lib/node_modules/roto/node_modules/underscore/package.json
145 verbose read json /usr/local/lib/node_modules/roto/node_modules/wrench/package.json
146 verbose read json /usr/local/lib/node_modules/styler/node_modules/backbone/package.json
147 verbose read json /usr/local/lib/node_modules/styler/node_modules/cli-color/package.json
148 verbose read json /usr/local/lib/node_modules/styler/node_modules/express/package.json
149 verbose read json /usr/local/lib/node_modules/styler/node_modules/jade/package.json
150 verbose read json /usr/local/lib/node_modules/styler/node_modules/mkdirp/package.json
151 verbose read json /usr/local/lib/node_modules/styler/node_modules/moment/package.json
152 verbose read json /usr/local/lib/node_modules/styler/node_modules/nib/package.json
153 verbose read json /usr/local/lib/node_modules/styler/node_modules/optimist/package.json
154 verbose read json /usr/local/lib/node_modules/styler/node_modules/request/package.json
155 verbose read json /usr/local/lib/node_modules/styler/node_modules/requirejs/package.json
156 verbose read json /usr/local/lib/node_modules/styler/node_modules/socket.io/package.json
157 verbose read json /usr/local/lib/node_modules/styler/node_modules/stylus/package.json
158 verbose read json /usr/local/lib/node_modules/styler/node_modules/underscore/package.json
159 verbose read json /usr/local/lib/node_modules/styler/node_modules/useragent/package.json
160 verbose read json /usr/local/lib/node_modules/styler/node_modules/winston/package.json
161 verbose read json /usr/local/lib/node_modules/tako/node_modules/filed/package.json
162 verbose read json /usr/local/lib/node_modules/tako/node_modules/routes/package.json
163 verbose read json /usr/local/lib/node_modules/tako/node_modules/socket.io/package.json
164 verbose read json /usr/local/lib/node_modules/carto/node_modules/underscore/package.json
165 verbose read json /usr/local/lib/node_modules/carto/node_modules/xml2js/package.json
166 verbose read json /usr/local/lib/node_modules/jitsu/node_modules/colors/package.json
167 verbose read json /usr/local/lib/node_modules/jitsu/node_modules/complete/package.json
168 verbose read json /usr/local/lib/node_modules/jitsu/node_modules/dateformat/package.json
169 verbose read json /usr/local/lib/node_modules/jitsu/node_modules/flatiron/package.json
170 verbose read json /usr/local/lib/node_modules/jitsu/node_modules/flatiron-cli-config/package.json
171 verbose read json /usr/local/lib/node_modules/jitsu/node_modules/flatiron-cli-users/package.json
172 verbose read json /usr/local/lib/node_modules/jitsu/node_modules/fstream/package.json
173 verbose read json /usr/local/lib/node_modules/jitsu/node_modules/fstream-npm/package.json
174 verbose read json /usr/local/lib/node_modules/jitsu/node_modules/nodejitsu-api/package.json
175 verbose read json /usr/local/lib/node_modules/jitsu/node_modules/npm/package.json
176 verbose read json /usr/local/lib/node_modules/jitsu/node_modules/pkginfo/package.json
177 verbose read json /usr/local/lib/node_modules/jitsu/node_modules/request/package.json
178 verbose read json /usr/local/lib/node_modules/jitsu/node_modules/require-analyzer/package.json
179 verbose read json /usr/local/lib/node_modules/jitsu/node_modules/semver/package.json
180 verbose read json /usr/local/lib/node_modules/jitsu/node_modules/spawn-command/package.json
181 verbose read json /usr/local/lib/node_modules/jitsu/node_modules/tar/package.json
182 verbose read json /usr/local/lib/node_modules/jitsu/node_modules/wizard/package.json
183 verbose read json /usr/local/lib/node_modules/npm/node_modules/abbrev/package.json
184 verbose read json /usr/local/lib/node_modules/npm/node_modules/ansi/package.json
185 verbose read json /usr/local/lib/node_modules/npm/node_modules/archy/package.json
186 verbose read json /usr/local/lib/node_modules/npm/node_modules/block-stream/package.json
187 verbose read json /usr/local/lib/node_modules/npm/node_modules/chmodr/package.json
188 verbose read json /usr/local/lib/node_modules/npm/node_modules/chownr/package.json
189 verbose read json /usr/local/lib/node_modules/npm/node_modules/cmd-shim/package.json
190 verbose read json /usr/local/lib/node_modules/npm/node_modules/fast-list/package.json
191 verbose read json /usr/local/lib/node_modules/npm/node_modules/fstream/package.json
192 verbose read json /usr/local/lib/node_modules/npm/node_modules/fstream-npm/package.json
193 verbose read json /usr/local/lib/node_modules/npm/node_modules/glob/package.json
194 verbose read json /usr/local/lib/node_modules/npm/node_modules/graceful-fs/package.json
195 verbose read json /usr/local/lib/node_modules/npm/node_modules/inherits/package.json
196 verbose read json /usr/local/lib/node_modules/npm/node_modules/ini/package.json
197 verbose read json /usr/local/lib/node_modules/npm/node_modules/init-package-json/package.json
198 verbose read json /usr/local/lib/node_modules/npm/node_modules/lockfile/package.json
199 verbose read json /usr/local/lib/node_modules/npm/node_modules/lru-cache/package.json
200 verbose read json /usr/local/lib/node_modules/npm/node_modules/minimatch/package.json
201 verbose read json /usr/local/lib/node_modules/npm/node_modules/mkdirp/package.json
202 verbose read json /usr/local/lib/node_modules/npm/node_modules/node-gyp/package.json
203 verbose read json /usr/local/lib/node_modules/npm/node_modules/node-uuid/package.json
204 verbose read json /usr/local/lib/node_modules/npm/node_modules/nopt/package.json
205 verbose read json /usr/local/lib/node_modules/npm/node_modules/npm-registry-client/package.json
206 verbose read json /usr/local/lib/node_modules/npm/node_modules/npmconf/package.json
207 verbose read json /usr/local/lib/node_modules/npm/node_modules/npmlog/package.json
208 verbose read json /usr/local/lib/node_modules/npm/node_modules/once/package.json
209 verbose read json /usr/local/lib/node_modules/npm/node_modules/opener/package.json
210 verbose read json /usr/local/lib/node_modules/npm/node_modules/osenv/package.json
211 verbose read json /usr/local/lib/node_modules/npm/node_modules/proto-list/package.json
212 verbose read json /usr/local/lib/node_modules/npm/node_modules/read/package.json
213 verbose read json /usr/local/lib/node_modules/npm/node_modules/read-installed/package.json
214 verbose read json /usr/local/lib/node_modules/npm/node_modules/read-package-json/package.json
215 verbose read json /usr/local/lib/node_modules/npm/node_modules/request/package.json
216 verbose read json /usr/local/lib/node_modules/npm/node_modules/retry/package.json
217 verbose read json /usr/local/lib/node_modules/npm/node_modules/rimraf/package.json
218 verbose read json /usr/local/lib/node_modules/npm/node_modules/semver/package.json
219 verbose read json /usr/local/lib/node_modules/npm/node_modules/slide/package.json
220 verbose read json /usr/local/lib/node_modules/npm/node_modules/tar/package.json
221 verbose read json /usr/local/lib/node_modules/npm/node_modules/uid-number/package.json
222 verbose read json /usr/local/lib/node_modules/npm/node_modules/which/package.json
223 verbose read json /usr/local/lib/node_modules/millstone/node_modules/generic-pool/package.json
224 verbose read json /usr/local/lib/node_modules/millstone/node_modules/get/package.json
225 verbose read json /usr/local/lib/node_modules/millstone/node_modules/mime/package.json
226 verbose read json /usr/local/lib/node_modules/millstone/node_modules/mkdirp/package.json
227 verbose read json /usr/local/lib/node_modules/millstone/node_modules/sqlite3/package.json
228 verbose read json /usr/local/lib/node_modules/millstone/node_modules/srs/package.json
229 verbose read json /usr/local/lib/node_modules/millstone/node_modules/step/package.json
230 verbose read json /usr/local/lib/node_modules/millstone/node_modules/underscore/package.json
231 verbose read json /usr/local/lib/node_modules/millstone/node_modules/zipfile/package.json
232 verbose read json /usr/local/lib/node_modules/ytdl/node_modules/colors/package.json
233 verbose read json /usr/local/lib/node_modules/ytdl/node_modules/eventvat/package.json
234 verbose read json /usr/local/lib/node_modules/ytdl/node_modules/hashish/package.json
235 verbose read json /usr/local/lib/node_modules/ytdl/node_modules/nomnom/package.json
236 verbose read json /usr/local/lib/node_modules/ytdl/node_modules/progress-bar/package.json
237 verbose read json /usr/local/lib/node_modules/ytdl/node_modules/request/package.json
238 verbose read json /usr/local/lib/node_modules/ytdl/node_modules/streamify/package.json
239 verbose read json /usr/local/lib/node_modules/beefy/node_modules/nopt/node_modules/abbrev/package.json
240 verbose read json /usr/local/lib/node_modules/beefy/node_modules/watchr/node_modules/bal-util/package.json
241 verbose read json /usr/local/lib/node_modules/beefy/node_modules/watchr/node_modules/eachr/package.json
242 verbose read json /usr/local/lib/node_modules/beefy/node_modules/watchr/node_modules/extendr/package.json
243 verbose read json /usr/local/lib/node_modules/beefy/node_modules/watchr/node_modules/safefs/package.json
244 verbose read json /usr/local/lib/node_modules/beefy/node_modules/watchr/node_modules/taskgroup/package.json
245 verbose read json /usr/local/lib/node_modules/beefy/node_modules/watchr/node_modules/typechecker/package.json
246 verbose read json /usr/local/lib/node_modules/browserify/node_modules/buffer-browserify/node_modules/base64-js/package.json
247 verbose read json /usr/local/lib/node_modules/browserify/node_modules/deputy/node_modules/mkdirp/package.json
248 verbose read json /usr/local/lib/node_modules/browserify/node_modules/detective/node_modules/esprima/package.json
249 verbose read json /usr/local/lib/node_modules/browserify/node_modules/http-browserify/node_modules/concat-stream/package.json
250 verbose read json /usr/local/lib/node_modules/browserify/node_modules/optimist/node_modules/wordwrap/package.json
251 verbose read json /usr/local/lib/node_modules/browserify/node_modules/syntax-error/node_modules/esprima/package.json
252 verbose read json /usr/local/lib/node_modules/http-server/node_modules/ecstatic/node_modules/ent/package.json
253 verbose read json /usr/local/lib/node_modules/http-server/node_modules/ecstatic/node_modules/mime/package.json
254 verbose read json /usr/local/lib/node_modules/http-server/node_modules/optimist/node_modules/wordwrap/package.json
255 verbose read json /usr/local/lib/node_modules/http-server/node_modules/union/node_modules/pkginfo/package.json
256 verbose read json /usr/local/lib/node_modules/http-server/node_modules/union/node_modules/qs/package.json
257 verbose read json /usr/local/lib/node_modules/http-server/node_modules/portfinder/node_modules/mkdirp/package.json
258 verbose read json /usr/local/lib/node_modules/image-batch-resizer/node_modules/optimist/node_modules/wordwrap/package.json
259 verbose read json /usr/local/lib/node_modules/nab/node_modules/commander/node_modules/keypress/package.json
260 verbose read json /usr/local/lib/node_modules/nab/node_modules/urllib/node_modules/buffer-concat/package.json
261 verbose read json /usr/local/lib/node_modules/roto/node_modules/glob/node_modules/graceful-fs/package.json
262 verbose read json /usr/local/lib/node_modules/roto/node_modules/glob/node_modules/inherits/package.json
263 verbose read json /usr/local/lib/node_modules/roto/node_modules/glob/node_modules/minimatch/package.json
264 verbose read json /usr/local/lib/node_modules/roto/node_modules/handlebars/node_modules/uglify-js/package.json
265 verbose read json /usr/local/lib/node_modules/roto/node_modules/jshint/node_modules/cli/package.json
266 verbose read json /usr/local/lib/node_modules/roto/node_modules/jshint/node_modules/minimatch/package.json
267 verbose read json /usr/local/lib/node_modules/roto/node_modules/less/node_modules/ycssmin/package.json
268 verbose read json /usr/local/lib/node_modules/roto/node_modules/mocha/node_modules/commander/package.json
269 verbose read json /usr/local/lib/node_modules/roto/node_modules/mocha/node_modules/debug/package.json
270 verbose read json /usr/local/lib/node_modules/roto/node_modules/mocha/node_modules/diff/package.json
271 verbose read json /usr/local/lib/node_modules/roto/node_modules/mocha/node_modules/growl/package.json
272 verbose read json /usr/local/lib/node_modules/roto/node_modules/mocha/node_modules/jade/package.json
273 verbose read json /usr/local/lib/node_modules/roto/node_modules/mocha/node_modules/mkdirp/package.json
274 verbose read json /usr/local/lib/node_modules/roto/node_modules/mocha/node_modules/ms/package.json
275 verbose read json /usr/local/lib/node_modules/roto/node_modules/optimist/node_modules/wordwrap/package.json
276 verbose read json /usr/local/lib/node_modules/styler/node_modules/cli-color/node_modules/es5-ext/package.json
277 verbose read json /usr/local/lib/node_modules/styler/node_modules/express/node_modules/connect/package.json
278 verbose read json /usr/local/lib/node_modules/styler/node_modules/express/node_modules/mime/package.json
279 verbose read json /usr/local/lib/node_modules/styler/node_modules/express/node_modules/mkdirp/package.json
280 verbose read json /usr/local/lib/node_modules/styler/node_modules/express/node_modules/qs/package.json
281 verbose read json /usr/local/lib/node_modules/styler/node_modules/jade/node_modules/commander/package.json
282 verbose read json /usr/local/lib/node_modules/styler/node_modules/jade/node_modules/mkdirp/package.json
283 verbose read json /usr/local/lib/node_modules/styler/node_modules/optimist/node_modules/wordwrap/package.json
284 verbose read json /usr/local/lib/node_modules/styler/node_modules/socket.io/node_modules/policyfile/package.json
285 verbose read json /usr/local/lib/node_modules/styler/node_modules/socket.io/node_modules/redis/package.json
286 verbose read json /usr/local/lib/node_modules/styler/node_modules/socket.io/node_modules/socket.io-client/package.json
287 verbose read json /usr/local/lib/node_modules/styler/node_modules/stylus/node_modules/cssom/package.json
288 verbose read json /usr/local/lib/node_modules/styler/node_modules/stylus/node_modules/debug/package.json
289 verbose read json /usr/local/lib/node_modules/styler/node_modules/useragent/node_modules/request/package.json
290 verbose read json /usr/local/lib/node_modules/styler/node_modules/useragent/node_modules/semver/package.json
291 verbose read json /usr/local/lib/node_modules/styler/node_modules/useragent/node_modules/yamlparser/package.json
292 verbose read json /usr/local/lib/node_modules/styler/node_modules/winston/node_modules/async/package.json
293 verbose read json /usr/local/lib/node_modules/styler/node_modules/winston/node_modules/colors/package.json
294 verbose read json /usr/local/lib/node_modules/styler/node_modules/winston/node_modules/cycle/package.json
295 verbose read json /usr/local/lib/node_modules/styler/node_modules/winston/node_modules/eyes/package.json
296 verbose read json /usr/local/lib/node_modules/styler/node_modules/winston/node_modules/pkginfo/package.json
297 verbose read json /usr/local/lib/node_modules/styler/node_modules/winston/node_modules/stack-trace/package.json
298 verbose read json /usr/local/lib/node_modules/tako/node_modules/socket.io/node_modules/policyfile/package.json
299 verbose read json /usr/local/lib/node_modules/tako/node_modules/socket.io/node_modules/redis/package.json
300 verbose read json /usr/local/lib/node_modules/tako/node_modules/socket.io/node_modules/socket.io-client/package.json
301 verbose read json /usr/local/lib/node_modules/npm/node_modules/fstream-npm/node_modules/fstream-ignore/package.json
302 verbose read json /usr/local/lib/node_modules/npm/node_modules/init-package-json/node_modules/promzard/package.json
303 verbose read json /usr/local/lib/node_modules/npm/node_modules/minimatch/node_modules/sigmund/package.json
304 verbose read json /usr/local/lib/node_modules/npm/node_modules/npm-registry-client/node_modules/couch-login/package.json
305 verbose read json /usr/local/lib/node_modules/npm/node_modules/npmconf/node_modules/config-chain/package.json
306 verbose read json /usr/local/lib/node_modules/npm/node_modules/read/node_modules/mute-stream/package.json
307 verbose read json /usr/local/lib/node_modules/jitsu/node_modules/flatiron/node_modules/broadway/package.json
308 verbose read json /usr/local/lib/node_modules/jitsu/node_modules/flatiron/node_modules/director/package.json
309 verbose read json /usr/local/lib/node_modules/jitsu/node_modules/flatiron/node_modules/optimist/package.json
310 verbose read json /usr/local/lib/node_modules/jitsu/node_modules/flatiron/node_modules/prompt/package.json
311 verbose read json /usr/local/lib/node_modules/carto/node_modules/xml2js/node_modules/sax/package.json
312 verbose read json /usr/local/lib/node_modules/jitsu/node_modules/fstream/node_modules/graceful-fs/package.json
313 verbose read json /usr/local/lib/node_modules/jitsu/node_modules/fstream/node_modules/inherits/package.json
314 verbose read json /usr/local/lib/node_modules/jitsu/node_modules/fstream/node_modules/mkdirp/package.json
315 verbose read json /usr/local/lib/node_modules/jitsu/node_modules/fstream/node_modules/rimraf/package.json
316 verbose read json /usr/local/lib/node_modules/jitsu/node_modules/fstream-npm/node_modules/fstream-ignore/package.json
317 verbose read json /usr/local/lib/node_modules/jitsu/node_modules/fstream-npm/node_modules/inherits/package.json
318 verbose read json /usr/local/lib/node_modules/jitsu/node_modules/nodejitsu-api/node_modules/request/package.json
319 verbose read json /usr/local/lib/node_modules/jitsu/node_modules/npm/node_modules/abbrev/package.json
320 verbose read json /usr/local/lib/node_modules/jitsu/node_modules/npm/node_modules/archy/package.json
321 verbose read json /usr/local/lib/node_modules/jitsu/node_modules/npm/node_modules/block-stream/package.json
322 verbose read json /usr/local/lib/node_modules/jitsu/node_modules/npm/node_modules/chownr/package.json
323 verbose read json /usr/local/lib/node_modules/jitsu/node_modules/npm/node_modules/fstream/package.json
324 verbose read json /usr/local/lib/node_modules/jitsu/node_modules/npm/node_modules/fstream-npm/package.json
325 verbose read json /usr/local/lib/node_modules/jitsu/node_modules/npm/node_modules/graceful-fs/package.json
326 verbose read json /usr/local/lib/node_modules/jitsu/node_modules/npm/node_modules/inherits/package.json
327 verbose read json /usr/local/lib/node_modules/jitsu/node_modules/npm/node_modules/ini/package.json
328 verbose read json /usr/local/lib/node_modules/jitsu/node_modules/npm/node_modules/lru-cache/package.json
329 verbose read json /usr/local/lib/node_modules/jitsu/node_modules/npm/node_modules/minimatch/package.json
330 verbose read json /usr/local/lib/node_modules/jitsu/node_modules/npm/node_modules/mkdirp/package.json
331 verbose read json /usr/local/lib/node_modules/jitsu/node_modules/npm/node_modules/node-gyp/package.json
332 verbose read json /usr/local/lib/node_modules/jitsu/node_modules/npm/node_modules/node-uuid/package.json
333 verbose read json /usr/local/lib/node_modules/jitsu/node_modules/npm/node_modules/nopt/package.json
334 verbose read json /usr/local/lib/node_modules/jitsu/node_modules/npm/node_modules/proto-list/package.json
335 verbose read json /usr/local/lib/node_modules/jitsu/node_modules/npm/node_modules/read/package.json
336 verbose read json /usr/local/lib/node_modules/jitsu/node_modules/npm/node_modules/request/package.json
337 verbose read json /usr/local/lib/node_modules/jitsu/node_modules/npm/node_modules/rimraf/package.json
338 verbose read json /usr/local/lib/node_modules/jitsu/node_modules/npm/node_modules/semver/package.json
339 verbose read json /usr/local/lib/node_modules/jitsu/node_modules/npm/node_modules/slide/package.json
340 verbose read json /usr/local/lib/node_modules/jitsu/node_modules/npm/node_modules/tar/package.json
341 verbose read json /usr/local/lib/node_modules/jitsu/node_modules/npm/node_modules/uid-number/package.json
342 verbose read json /usr/local/lib/node_modules/jitsu/node_modules/npm/node_modules/which/package.json
343 verbose read json /usr/local/lib/node_modules/jitsu/node_modules/require-analyzer/node_modules/detective/package.json
344 verbose read json /usr/local/lib/node_modules/jitsu/node_modules/require-analyzer/node_modules/eyes/package.json
345 verbose read json /usr/local/lib/node_modules/jitsu/node_modules/require-analyzer/node_modules/findit/package.json
346 verbose read json /usr/local/lib/node_modules/jitsu/node_modules/require-analyzer/node_modules/npm/package.json
347 verbose read json /usr/local/lib/node_modules/jitsu/node_modules/require-analyzer/node_modules/optimist/package.json
348 verbose read json /usr/local/lib/node_modules/jitsu/node_modules/require-analyzer/node_modules/winston/package.json
349 verbose read json /usr/local/lib/node_modules/jitsu/node_modules/tar/node_modules/block-stream/package.json
350 verbose read json /usr/local/lib/node_modules/jitsu/node_modules/tar/node_modules/inherits/package.json
351 verbose read json /usr/local/lib/node_modules/jitsu/node_modules/wizard/node_modules/prompt/package.json
352 verbose read json /usr/local/lib/node_modules/ytdl/node_modules/eventvat/node_modules/eventemitter2/package.json
353 verbose read json /usr/local/lib/node_modules/ytdl/node_modules/nomnom/node_modules/colors/package.json
354 verbose read json /usr/local/lib/node_modules/ytdl/node_modules/nomnom/node_modules/underscore/package.json
355 verbose read json /usr/local/lib/node_modules/ytdl/node_modules/hashish/node_modules/traverse/package.json
356 verbose read json /usr/local/lib/node_modules/ytdl/node_modules/streamify/node_modules/eventyoshi/package.json
357 verbose read json /usr/local/lib/node_modules/beefy/node_modules/watchr/node_modules/bal-util/node_modules/ambi/package.json
358 verbose read json /usr/local/lib/node_modules/beefy/node_modules/watchr/node_modules/taskgroup/node_modules/ambi/package.json
359 verbose read json /usr/local/lib/node_modules/beefy/node_modules/watchr/node_modules/taskgroup/node_modules/eventemitter2/package.json
360 verbose read json /usr/local/lib/node_modules/roto/node_modules/glob/node_modules/minimatch/node_modules/lru-cache/package.json
361 verbose read json /usr/local/lib/node_modules/roto/node_modules/glob/node_modules/minimatch/node_modules/sigmund/package.json
362 verbose read json /usr/local/lib/node_modules/roto/node_modules/jshint/node_modules/minimatch/node_modules/lru-cache/package.json
363 verbose read json /usr/local/lib/node_modules/roto/node_modules/mocha/node_modules/jade/node_modules/mkdirp/package.json
364 verbose read json /usr/local/lib/node_modules/styler/node_modules/express/node_modules/connect/node_modules/formidable/package.json
365 verbose read json /usr/local/lib/node_modules/styler/node_modules/socket.io/node_modules/redis/node_modules/hiredis/package.json
366 verbose read json /usr/local/lib/node_modules/styler/node_modules/socket.io/node_modules/socket.io-client/node_modules/active-x-obfuscator/package.json
367 verbose read json /usr/local/lib/node_modules/styler/node_modules/socket.io/node_modules/socket.io-client/node_modules/uglify-js/package.json
368 verbose read json /usr/local/lib/node_modules/styler/node_modules/socket.io/node_modules/socket.io-client/node_modules/ws/package.json
369 verbose read json /usr/local/lib/node_modules/styler/node_modules/socket.io/node_modules/socket.io-client/node_modules/xmlhttprequest/package.json
370 verbose read json /usr/local/lib/node_modules/tako/node_modules/socket.io/node_modules/socket.io-client/node_modules/uglify-js/package.json
371 verbose read json /usr/local/lib/node_modules/tako/node_modules/socket.io/node_modules/socket.io-client/node_modules/ws/package.json
372 verbose read json /usr/local/lib/node_modules/tako/node_modules/socket.io/node_modules/socket.io-client/node_modules/xmlhttprequest/package.json
373 verbose read json /usr/local/lib/node_modules/npm/node_modules/npmconf/node_modules/config-chain/node_modules/proto-list/package.json
374 verbose read json /usr/local/lib/node_modules/jitsu/node_modules/flatiron/node_modules/broadway/node_modules/cliff/package.json
375 verbose read json /usr/local/lib/node_modules/jitsu/node_modules/flatiron/node_modules/broadway/node_modules/eventemitter2/package.json
376 verbose read json /usr/local/lib/node_modules/jitsu/node_modules/flatiron/node_modules/broadway/node_modules/nconf/package.json
377 verbose read json /usr/local/lib/node_modules/jitsu/node_modules/flatiron/node_modules/broadway/node_modules/utile/package.json
378 verbose read json /usr/local/lib/node_modules/jitsu/node_modules/flatiron/node_modules/broadway/node_modules/winston/package.json
379 verbose read json /usr/local/lib/node_modules/jitsu/node_modules/flatiron/node_modules/optimist/node_modules/wordwrap/package.json
380 verbose read json /usr/local/lib/node_modules/jitsu/node_modules/flatiron/node_modules/prompt/node_modules/read/package.json
381 verbose read json /usr/local/lib/node_modules/jitsu/node_modules/flatiron/node_modules/prompt/node_modules/revalidator/package.json
382 verbose read json /usr/local/lib/node_modules/jitsu/node_modules/flatiron/node_modules/prompt/node_modules/utile/package.json
383 verbose read json /usr/local/lib/node_modules/jitsu/node_modules/flatiron/node_modules/prompt/node_modules/winston/package.json
384 verbose read json /usr/local/lib/node_modules/jitsu/node_modules/fstream-npm/node_modules/fstream-ignore/node_modules/minimatch/package.json
385 verbose read json /usr/local/lib/node_modules/jitsu/node_modules/npm/node_modules/fstream-npm/node_modules/fstream-ignore/package.json
386 verbose read json /usr/local/lib/node_modules/jitsu/node_modules/npm/node_modules/node-gyp/node_modules/ansi/package.json
387 verbose read json /usr/local/lib/node_modules/jitsu/node_modules/npm/node_modules/node-gyp/node_modules/glob/package.json
388 verbose read json /usr/local/lib/node_modules/jitsu/node_modules/require-analyzer/node_modules/detective/node_modules/burrito/package.json
389 verbose read json /usr/local/lib/node_modules/jitsu/node_modules/require-analyzer/node_modules/findit/node_modules/seq/package.json
390 verbose read json /usr/local/lib/node_modules/jitsu/node_modules/require-analyzer/node_modules/npm/node_modules/abbrev/package.json
391 verbose read json /usr/local/lib/node_modules/jitsu/node_modules/require-analyzer/node_modules/npm/node_modules/block-stream/package.json
392 verbose read json /usr/local/lib/node_modules/jitsu/node_modules/require-analyzer/node_modules/npm/node_modules/fast-list/package.json
393 verbose read json /usr/local/lib/node_modules/jitsu/node_modules/require-analyzer/node_modules/npm/node_modules/fstream/package.json
394 verbose read json /usr/local/lib/node_modules/jitsu/node_modules/require-analyzer/node_modules/npm/node_modules/graceful-fs/package.json
395 verbose read json /usr/local/lib/node_modules/jitsu/node_modules/require-analyzer/node_modules/npm/node_modules/inherits/package.json
396 verbose read json /usr/local/lib/node_modules/jitsu/node_modules/require-analyzer/node_modules/npm/node_modules/ini/package.json
397 verbose read json /usr/local/lib/node_modules/jitsu/node_modules/require-analyzer/node_modules/npm/node_modules/lru-cache/package.json
398 verbose read json /usr/local/lib/node_modules/jitsu/node_modules/require-analyzer/node_modules/npm/node_modules/minimatch/package.json
399 verbose read json /usr/local/lib/node_modules/jitsu/node_modules/require-analyzer/node_modules/npm/node_modules/mkdirp/package.json
400 verbose read json /usr/local/lib/node_modules/jitsu/node_modules/require-analyzer/node_modules/npm/node_modules/node-uuid/package.json
401 verbose read json /usr/local/lib/node_modules/jitsu/node_modules/require-analyzer/node_modules/npm/node_modules/nopt/package.json
402 verbose read json /usr/local/lib/node_modules/jitsu/node_modules/require-analyzer/node_modules/npm/node_modules/proto-list/package.json
403 verbose read json /usr/local/lib/node_modules/jitsu/node_modules/require-analyzer/node_modules/npm/node_modules/read/package.json
404 verbose read json /usr/local/lib/node_modules/jitsu/node_modules/require-analyzer/node_modules/npm/node_modules/request/package.json
405 verbose read json /usr/local/lib/node_modules/jitsu/node_modules/require-analyzer/node_modules/npm/node_modules/rimraf/package.json
406 verbose read json /usr/local/lib/node_modules/jitsu/node_modules/require-analyzer/node_modules/npm/node_modules/semver/package.json
407 verbose read json /usr/local/lib/node_modules/jitsu/node_modules/require-analyzer/node_modules/npm/node_modules/slide/package.json
408 verbose read json /usr/local/lib/node_modules/jitsu/node_modules/require-analyzer/node_modules/npm/node_modules/tar/package.json
409 verbose read json /usr/local/lib/node_modules/jitsu/node_modules/require-analyzer/node_modules/npm/node_modules/which/package.json
410 verbose read json /usr/local/lib/node_modules/jitsu/node_modules/require-analyzer/node_modules/optimist/node_modules/wordwrap/package.json
411 verbose read json /usr/local/lib/node_modules/jitsu/node_modules/require-analyzer/node_modules/winston/node_modules/async/package.json
412 verbose read json /usr/local/lib/node_modules/jitsu/node_modules/require-analyzer/node_modules/winston/node_modules/loggly/package.json
413 verbose read json /usr/local/lib/node_modules/jitsu/node_modules/require-analyzer/node_modules/winston/node_modules/stack-trace/package.json
414 verbose read json /usr/local/lib/node_modules/jitsu/node_modules/wizard/node_modules/prompt/node_modules/read/package.json
415 verbose read json /usr/local/lib/node_modules/jitsu/node_modules/wizard/node_modules/prompt/node_modules/revalidator/package.json
416 verbose read json /usr/local/lib/node_modules/jitsu/node_modules/wizard/node_modules/prompt/node_modules/utile/package.json
417 verbose read json /usr/local/lib/node_modules/jitsu/node_modules/wizard/node_modules/prompt/node_modules/winston/package.json
418 verbose read json /usr/local/lib/node_modules/styler/node_modules/socket.io/node_modules/socket.io-client/node_modules/active-x-obfuscator/node_modules/zeparser/package.json
419 verbose read json /usr/local/lib/node_modules/styler/node_modules/socket.io/node_modules/socket.io-client/node_modules/ws/node_modules/commander/package.json
420 verbose read json /usr/local/lib/node_modules/styler/node_modules/socket.io/node_modules/socket.io-client/node_modules/ws/node_modules/options/package.json
421 verbose read json /usr/local/lib/node_modules/styler/node_modules/socket.io/node_modules/socket.io-client/node_modules/ws/node_modules/tinycolor/package.json
422 verbose read json /usr/local/lib/node_modules/tako/node_modules/socket.io/node_modules/socket.io-client/node_modules/ws/node_modules/commander/package.json
423 verbose read json /usr/local/lib/node_modules/tako/node_modules/socket.io/node_modules/socket.io-client/node_modules/ws/node_modules/options/package.json
424 verbose read json /usr/local/lib/node_modules/jitsu/node_modules/flatiron/node_modules/broadway/node_modules/cliff/node_modules/eyes/package.json
425 verbose read json /usr/local/lib/node_modules/jitsu/node_modules/flatiron/node_modules/broadway/node_modules/winston/node_modules/async/package.json
426 verbose read json /usr/local/lib/node_modules/jitsu/node_modules/flatiron/node_modules/broadway/node_modules/winston/node_modules/cycle/package.json
427 verbose read json /usr/local/lib/node_modules/jitsu/node_modules/flatiron/node_modules/broadway/node_modules/winston/node_modules/eyes/package.json
428 verbose read json /usr/local/lib/node_modules/jitsu/node_modules/flatiron/node_modules/broadway/node_modules/winston/node_modules/stack-trace/package.json
429 verbose read json /usr/local/lib/node_modules/jitsu/node_modules/flatiron/node_modules/broadway/node_modules/utile/node_modules/async/package.json
430 verbose read json /usr/local/lib/node_modules/jitsu/node_modules/flatiron/node_modules/broadway/node_modules/utile/node_modules/deep-equal/package.json
431 verbose read json /usr/local/lib/node_modules/jitsu/node_modules/flatiron/node_modules/broadway/node_modules/utile/node_modules/i/package.json
432 verbose read json /usr/local/lib/node_modules/jitsu/node_modules/flatiron/node_modules/broadway/node_modules/utile/node_modules/mkdirp/package.json
433 verbose read json /usr/local/lib/node_modules/jitsu/node_modules/flatiron/node_modules/broadway/node_modules/utile/node_modules/ncp/package.json
434 verbose read json /usr/local/lib/node_modules/jitsu/node_modules/flatiron/node_modules/broadway/node_modules/utile/node_modules/rimraf/package.json
435 verbose read json /usr/local/lib/node_modules/jitsu/node_modules/flatiron/node_modules/broadway/node_modules/nconf/node_modules/async/package.json
436 verbose read json /usr/local/lib/node_modules/jitsu/node_modules/flatiron/node_modules/broadway/node_modules/nconf/node_modules/ini/package.json
437 verbose read json /usr/local/lib/node_modules/jitsu/node_modules/flatiron/node_modules/prompt/node_modules/utile/node_modules/async/package.json
438 verbose read json /usr/local/lib/node_modules/jitsu/node_modules/flatiron/node_modules/prompt/node_modules/utile/node_modules/deep-equal/package.json
439 verbose read json /usr/local/lib/node_modules/jitsu/node_modules/flatiron/node_modules/prompt/node_modules/utile/node_modules/i/package.json
440 verbose read json /usr/local/lib/node_modules/jitsu/node_modules/flatiron/node_modules/prompt/node_modules/utile/node_modules/mkdirp/package.json
441 verbose read json /usr/local/lib/node_modules/jitsu/node_modules/flatiron/node_modules/prompt/node_modules/utile/node_modules/ncp/package.json
442 verbose read json /usr/local/lib/node_modules/jitsu/node_modules/flatiron/node_modules/prompt/node_modules/utile/node_modules/rimraf/package.json
443 verbose read json /usr/local/lib/node_modules/jitsu/node_modules/flatiron/node_modules/prompt/node_modules/winston/node_modules/async/package.json
444 verbose read json /usr/local/lib/node_modules/jitsu/node_modules/flatiron/node_modules/prompt/node_modules/winston/node_modules/cycle/package.json
445 verbose read json /usr/local/lib/node_modules/jitsu/node_modules/flatiron/node_modules/prompt/node_modules/winston/node_modules/eyes/package.json
446 verbose read json /usr/local/lib/node_modules/jitsu/node_modules/flatiron/node_modules/prompt/node_modules/winston/node_modules/stack-trace/package.json
447 verbose read json /usr/local/lib/node_modules/jitsu/node_modules/fstream-npm/node_modules/fstream-ignore/node_modules/minimatch/node_modules/lru-cache/package.json
448 verbose read json /usr/local/lib/node_modules/jitsu/node_modules/require-analyzer/node_modules/detective/node_modules/burrito/node_modules/traverse/package.json
449 verbose read json /usr/local/lib/node_modules/jitsu/node_modules/require-analyzer/node_modules/detective/node_modules/burrito/node_modules/uglify-js/package.json
450 verbose read json /usr/local/lib/node_modules/jitsu/node_modules/require-analyzer/node_modules/findit/node_modules/seq/node_modules/chainsaw/package.json
451 verbose read json /usr/local/lib/node_modules/jitsu/node_modules/require-analyzer/node_modules/findit/node_modules/seq/node_modules/hashish/package.json
452 verbose read json /usr/local/lib/node_modules/jitsu/node_modules/require-analyzer/node_modules/winston/node_modules/loggly/node_modules/timespan/package.json
453 verbose read json /usr/local/lib/node_modules/jitsu/node_modules/wizard/node_modules/prompt/node_modules/utile/node_modules/async/package.json
454 verbose read json /usr/local/lib/node_modules/jitsu/node_modules/wizard/node_modules/prompt/node_modules/utile/node_modules/deep-equal/package.json
455 verbose read json /usr/local/lib/node_modules/jitsu/node_modules/wizard/node_modules/prompt/node_modules/utile/node_modules/i/package.json
456 verbose read json /usr/local/lib/node_modules/jitsu/node_modules/wizard/node_modules/prompt/node_modules/utile/node_modules/mkdirp/package.json
457 verbose read json /usr/local/lib/node_modules/jitsu/node_modules/wizard/node_modules/prompt/node_modules/utile/node_modules/ncp/package.json
458 verbose read json /usr/local/lib/node_modules/jitsu/node_modules/wizard/node_modules/prompt/node_modules/utile/node_modules/rimraf/package.json
459 verbose read json /usr/local/lib/node_modules/jitsu/node_modules/wizard/node_modules/prompt/node_modules/winston/node_modules/async/package.json
460 verbose read json /usr/local/lib/node_modules/jitsu/node_modules/wizard/node_modules/prompt/node_modules/winston/node_modules/cycle/package.json
461 verbose read json /usr/local/lib/node_modules/jitsu/node_modules/wizard/node_modules/prompt/node_modules/winston/node_modules/eyes/package.json
462 verbose read json /usr/local/lib/node_modules/jitsu/node_modules/wizard/node_modules/prompt/node_modules/winston/node_modules/stack-trace/package.json
463 verbose read json /usr/local/lib/node_modules/jitsu/node_modules/require-analyzer/node_modules/findit/node_modules/seq/node_modules/chainsaw/node_modules/traverse/package.json
464 verbose read json /usr/local/lib/node_modules/jitsu/node_modules/require-analyzer/node_modules/findit/node_modules/seq/node_modules/hashish/node_modules/traverse/package.json
465 verbose readInstalled returning beefy@0.1.0
466 verbose readInstalled returning browserify@1.17.1
467 verbose readInstalled returning carto@0.4.10
468 verbose readInstalled returning http-server@0.5.2
469 verbose readInstalled returning image-batch-resizer@0.7.9
470 verbose readInstalled returning jitsu@0.9.1
471 verbose readInstalled returning json@0.0.12
472 verbose readInstalled returning marked@0.2.8
473 verbose readInstalled returning millstone@0.4.1
474 verbose readInstalled returning nab@0.0.1
475 verbose readInstalled returning nave@0.4.3
476 verbose readInstalled returning nodemon@0.7.2
477 verbose readInstalled returning npm@1.2.17
478 verbose readInstalled returning roto@0.2.1
479 verbose readInstalled returning styler@0.0.11
480 verbose readInstalled returning tako@0.2.0
481 verbose readInstalled returning uglify-js@1.3.3
482 verbose readInstalled returning underscore@1.3.1
483 verbose readInstalled returning ytdl@0.1.2
484 verbose readInstalled returning response-stream@0.0.0
485 verbose readInstalled returning colors@0.6.0-1
486 verbose readInstalled returning through@2.2.7
487 verbose readInstalled returning nopt@2.1.1
488 verbose readInstalled returning watchr@2.4.3
489 verbose readInstalled returning mime@1.2.9
490 verbose readInstalled returning sse-stream@0.0.2
491 verbose readInstalled returning abbrev@1.0.4
492 verbose readInstalled returning bal-util@2.0.5
493 verbose readInstalled returning typechecker@2.0.1
494 verbose readInstalled returning extendr@2.0.1
495 verbose readInstalled returning eachr@2.0.2
496 verbose readInstalled returning safefs@3.0.1
497 verbose readInstalled returning taskgroup@3.1.2
498 verbose readInstalled returning ambi@2.0.0
499 verbose readInstalled returning ambi@2.0.0
500 verbose readInstalled returning eventemitter2@0.4.11
501 verbose readInstalled returning detective@0.2.1
502 verbose readInstalled returning buffer-browserify@0.0.4
503 verbose readInstalled returning deputy@0.0.4
504 verbose readInstalled returning syntax-error@0.0.0
505 verbose readInstalled returning resolve@0.2.3
506 verbose readInstalled returning nub@0.0.0
507 verbose readInstalled returning commondir@0.0.1
508 verbose readInstalled returning coffee-script@1.4.0
509 verbose readInstalled returning optimist@0.3.5
510 verbose readInstalled returning http-browserify@0.1.6
511 verbose readInstalled returning vm-browserify@0.0.1
512 verbose readInstalled returning crypto-browserify@0.2.1
513 verbose readInstalled returning esprima@0.9.9
514 verbose readInstalled returning base64-js@0.0.2
515 verbose readInstalled returning mkdirp@0.3.4
516 verbose readInstalled returning esprima@0.9.9
517 verbose readInstalled returning wordwrap@0.0.2
518 verbose readInstalled returning concat-stream@0.0.8
519 verbose readInstalled returning underscore@1.3.3
520 verbose readInstalled returning xml2js@0.1.14
521 verbose readInstalled returning sax@0.4.0
522 verbose readInstalled returning colors@0.6.0-1
523 verbose readInstalled returning optimist@0.2.8
524 verbose readInstalled returning union@0.1.8
525 verbose readInstalled returning ecstatic@0.1.7
526 verbose readInstalled returning portfinder@0.2.1
527 verbose readInstalled returning wordwrap@0.0.2
528 verbose readInstalled returning pkginfo@0.2.3
529 verbose readInstalled returning qs@0.3.2
530 verbose readInstalled returning mime@1.2.5
531 verbose readInstalled returning ent@0.0.4
532 verbose readInstalled returning mkdirp@0.0.7
533 verbose readInstalled returning walkdir@0.0.5
534 verbose readInstalled returning optimist@0.3.5
535 verbose readInstalled returning colors@0.6.0-1
536 verbose readInstalled returning chain-gang@1.0.0-beta6
537 verbose readInstalled returning imagemagick@0.1.3
538 verbose readInstalled returning wordwrap@0.0.2
539 verbose readInstalled returning colors@0.6.0-1
540 verbose readInstalled returning complete@0.3.1
541 verbose readInstalled returning dateformat@1.0.2-1.2.3
542 verbose readInstalled returning flatiron@0.2.5
543 verbose readInstalled returning flatiron-cli-config@0.1.3
544 verbose readInstalled returning flatiron-cli-users@0.1.1
545 verbose readInstalled returning fstream@0.1.18
546 verbose readInstalled returning fstream-npm@0.1.0
547 verbose readInstalled returning npm@1.1.16
548 verbose readInstalled returning nodejitsu-api@0.3.0
549 verbose readInstalled returning pkginfo@0.2.3
550 verbose readInstalled returning request@2.9.100
551 verbose readInstalled returning require-analyzer@0.4.0-3
552 verbose readInstalled returning spawn-command@0.0.1
553 verbose readInstalled returning semver@1.0.13
554 verbose readInstalled returning tar@0.1.13
555 verbose readInstalled returning wizard@0.0.1
556 verbose readInstalled returning broadway@0.2.5
557 verbose readInstalled returning optimist@0.3.4
558 verbose readInstalled returning prompt@0.2.2
559 verbose readInstalled returning director@1.1.0
560 verbose readInstalled returning cliff@0.1.8
561 verbose readInstalled returning eventemitter2@0.4.9
562 verbose readInstalled returning nconf@0.6.4
563 verbose readInstalled returning winston@0.6.2
564 verbose readInstalled returning utile@0.1.2
565 verbose readInstalled returning eyes@0.1.7
566 verbose readInstalled returning async@0.1.22
567 verbose readInstalled returning cycle@1.0.0
568 verbose readInstalled returning eyes@0.1.7
569 verbose readInstalled returning stack-trace@0.0.6
570 verbose readInstalled returning async@0.1.22
571 verbose readInstalled returning ini@1.0.2
572 verbose readInstalled returning wordwrap@0.0.2
573 verbose readInstalled returning async@0.1.22
574 verbose readInstalled returning deep-equal@0.0.0
575 verbose readInstalled returning i@0.3.0
576 verbose readInstalled returning mkdirp@0.3.3
577 verbose readInstalled returning ncp@0.2.6
578 verbose readInstalled returning rimraf@1.0.9
579 verbose readInstalled returning read@0.1.0
580 verbose readInstalled returning revalidator@0.1.2
581 verbose readInstalled returning utile@0.1.2
582 verbose readInstalled returning winston@0.6.2
583 verbose readInstalled returning async@0.1.22
584 verbose readInstalled returning deep-equal@0.0.0
585 verbose readInstalled returning i@0.3.0
586 verbose readInstalled returning mkdirp@0.3.3
587 verbose readInstalled returning ncp@0.2.6
588 verbose readInstalled returning rimraf@1.0.9
589 verbose readInstalled returning async@0.1.22
590 verbose readInstalled returning cycle@1.0.0
591 verbose readInstalled returning eyes@0.1.7
592 verbose readInstalled returning stack-trace@0.0.6
593 verbose readInstalled returning rimraf@2.0.2
594 verbose readInstalled returning mkdirp@0.3.3
595 verbose readInstalled returning graceful-fs@1.1.8
596 verbose readInstalled returning inherits@1.0.0
597 verbose readInstalled returning fstream-ignore@0.0.5
598 verbose readInstalled returning inherits@1.0.0
599 verbose readInstalled returning minimatch@0.2.5
600 verbose readInstalled returning lru-cache@1.1.0
601 verbose readInstalled returning semver@1.0.13
602 verbose readInstalled returning ini@1.0.2
603 verbose readInstalled returning slide@1.1.3
604 verbose readInstalled returning abbrev@1.0.3
605 verbose readInstalled returning graceful-fs@1.1.8
606 verbose readInstalled returning minimatch@0.2.2
607 verbose readInstalled returning nopt@1.0.10
608 verbose readInstalled returning node-uuid@1.3.3
609 verbose readInstalled returning proto-list@1.0.0
610 verbose readInstalled returning rimraf@2.0.1
611 verbose readInstalled returning request@2.9.153
612 verbose readInstalled returning which@1.0.5
613 verbose readInstalled returning tar@0.1.13
614 verbose readInstalled returning fstream@0.1.18
615 verbose readInstalled returning block-stream@0.0.5
616 verbose readInstalled returning inherits@1.0.0
617 verbose readInstalled returning mkdirp@0.3.0
618 verbose readInstalled returning read@0.0.2
619 verbose readInstalled returning lru-cache@1.0.5
620 verbose readInstalled returning node-gyp@0.3.9
621 verbose readInstalled returning fstream-npm@0.0.4
622 verbose readInstalled returning uid-number@0.0.3
623 verbose readInstalled returning archy@0.0.2
624 verbose readInstalled returning chownr@0.0.1
625 verbose readInstalled returning ansi@0.0.4
626 verbose readInstalled returning glob@3.1.9
627 verbose readInstalled returning fstream-ignore@0.0.5
628 verbose readInstalled returning request@2.2.9
629 verbose readInstalled returning findit@0.0.5
630 verbose readInstalled returning npm@1.1.4
631 verbose readInstalled returning optimist@0.2.8
632 verbose readInstalled returning winston@0.5.11
633 verbose readInstalled returning detective@0.0.4
634 verbose readInstalled returning eyes@0.1.7
635 verbose readInstalled returning seq@0.3.5
636 verbose readInstalled returning chainsaw@0.0.9
637 verbose readInstalled returning hashish@0.0.4
638 verbose readInstalled returning traverse@0.3.9
639 verbose readInstalled returning traverse@0.6.3
640 verbose readInstalled returning semver@1.0.13
641 verbose readInstalled returning ini@1.0.2
642 verbose readInstalled returning slide@1.1.3
643 verbose readInstalled returning abbrev@1.0.3
644 verbose readInstalled returning graceful-fs@1.1.5
645 verbose readInstalled returning minimatch@0.1.5
646 verbose readInstalled returning nopt@1.0.10
647 verbose readInstalled returning node-uuid@1.3.3
648 verbose readInstalled returning proto-list@1.0.0
649 verbose readInstalled returning rimraf@2.0.1
650 verbose readInstalled returning request@2.9.153
651 verbose readInstalled returning which@1.0.5
652 verbose readInstalled returning tar@0.1.12
653 verbose readInstalled returning fstream@0.1.12
654 verbose readInstalled returning block-stream@0.0.5
655 verbose readInstalled returning inherits@1.0.0
656 verbose readInstalled returning mkdirp@0.3.0
657 verbose readInstalled returning fast-list@1.0.2
658 verbose readInstalled returning read@0.0.1
659 verbose readInstalled returning lru-cache@1.0.5
660 verbose readInstalled returning wordwrap@0.0.2
661 verbose readInstalled returning async@0.1.22
662 verbose readInstalled returning loggly@0.3.11
663 verbose readInstalled returning stack-trace@0.0.6
664 verbose readInstalled returning timespan@2.2.0
665 verbose readInstalled returning burrito@0.2.12
666 verbose readInstalled returning traverse@0.5.2
667 verbose readInstalled returning uglify-js@1.1.1
668 verbose readInstalled returning inherits@1.0.0
669 verbose readInstalled returning block-stream@0.0.6
670 verbose readInstalled returning prompt@0.2.2
671 verbose readInstalled returning read@0.1.0
672 verbose readInstalled returning revalidator@0.1.2
673 verbose readInstalled returning utile@0.1.2
674 verbose readInstalled returning winston@0.6.2
675 verbose readInstalled returning async@0.1.22
676 verbose readInstalled returning deep-equal@0.0.0
677 verbose readInstalled returning i@0.3.0
678 verbose readInstalled returning mkdirp@0.3.3
679 verbose readInstalled returning ncp@0.2.6
680 verbose readInstalled returning rimraf@1.0.9
681 verbose readInstalled returning async@0.1.22
682 verbose readInstalled returning cycle@1.0.0
683 verbose readInstalled returning eyes@0.1.7
684 verbose readInstalled returning stack-trace@0.0.6
685 verbose readInstalled returning underscore@1.3.3
686 verbose readInstalled returning step@0.0.5
687 verbose readInstalled returning generic-pool@1.0.10
688 verbose readInstalled returning get@1.1.6
689 verbose readInstalled returning srs@0.2.13
690 verbose readInstalled returning zipfile@0.3.1
691 verbose readInstalled returning sqlite3@2.1.1
692 verbose readInstalled returning mime@1.2.5
693 verbose readInstalled returning mkdirp@0.3.2
694 verbose readInstalled returning commander@1.1.1
695 verbose readInstalled returning progress@0.1.0
696 verbose readInstalled returning urllib@0.3.4
697 verbose readInstalled returning keypress@0.1.0
698 verbose readInstalled returning buffer-concat@0.0.1
699 verbose readInstalled returning semver@1.1.4
700 verbose readInstalled returning ini@1.1.0
701 verbose readInstalled returning slide@1.1.3
702 verbose readInstalled returning abbrev@1.0.4
703 verbose readInstalled returning graceful-fs@1.2.0
704 verbose readInstalled returning minimatch@0.2.11
705 verbose readInstalled returning nopt@2.1.1
706 verbose readInstalled returning rimraf@2.1.4
707 verbose readInstalled returning request@2.9.203
708 verbose readInstalled returning which@1.0.5
709 verbose readInstalled returning tar@0.1.17
710 verbose readInstalled returning fstream@0.1.22
711 verbose readInstalled returning block-stream@0.0.6
712 verbose readInstalled returning inherits@1.0.0
713 verbose readInstalled returning mkdirp@0.3.5
714 verbose readInstalled returning read@1.0.4
715 verbose readInstalled returning lru-cache@2.3.0
716 verbose readInstalled returning node-gyp@0.9.5
717 verbose readInstalled returning fstream-npm@0.1.4
718 verbose readInstalled returning uid-number@0.0.3
719 verbose readInstalled returning archy@0.0.2
720 verbose readInstalled returning chownr@0.0.1
721 verbose readInstalled returning npmlog@0.0.2
722 verbose readInstalled returning ansi@0.1.2
723 verbose readInstalled returning npm-registry-client@0.2.18
724 verbose readInstalled returning read-package-json@0.3.0
725 verbose readInstalled returning read-installed@0.1.1
726 verbose readInstalled returning glob@3.1.21
727 verbose readInstalled returning init-package-json@0.0.6
728 verbose readInstalled returning osenv@0.0.3
729 verbose readInstalled returning lockfile@0.3.0
730 verbose readInstalled returning retry@0.6.0
731 verbose readInstalled returning once@1.1.1
732 verbose readInstalled returning npmconf@0.0.23
733 verbose readInstalled returning opener@1.3.0
734 verbose readInstalled returning chmodr@0.1.0
735 verbose readInstalled returning cmd-shim@1.1.0
736 verbose readInstalled returning fast-list@1.0.2
737 verbose readInstalled returning node-uuid@1.3.3
738 verbose readInstalled returning proto-list@1.0.0
739 verbose readInstalled returning sigmund@1.0.0
740 verbose readInstalled returning mute-stream@0.0.3
741 verbose readInstalled returning fstream-ignore@0.0.6
742 verbose readInstalled returning couch-login@0.1.15
743 verbose readInstalled returning promzard@0.2.0
744 verbose readInstalled returning config-chain@1.1.5
745 verbose readInstalled returning proto-list@1.2.2
746 verbose readInstalled returning optimist@0.3.5
747 verbose readInstalled returning underscore@1.3.3
748 verbose readInstalled returning glob@3.1.20
749 verbose readInstalled returning jshint@0.9.1
750 verbose readInstalled returning uglify-js@1.3.4
751 verbose readInstalled returning knox@0.3.1
752 verbose readInstalled returning mime@1.2.9
753 verbose readInstalled returning handlebars@1.0.8
754 verbose readInstalled returning mocha@1.5.0
755 verbose readInstalled returning async@0.1.22
756 verbose readInstalled returning less@1.3.3
757 verbose readInstalled returning wrench@1.4.4
758 verbose readInstalled returning wordwrap@0.0.2
759 verbose readInstalled returning minimatch@0.2.9
760 verbose readInstalled returning graceful-fs@1.2.0
761 verbose readInstalled returning inherits@1.0.0
762 verbose readInstalled returning lru-cache@2.0.4
763 verbose readInstalled returning sigmund@1.0.0
764 verbose readInstalled returning cli@0.4.3
765 verbose readInstalled returning minimatch@0.0.5
766 verbose readInstalled returning lru-cache@1.0.6
767 verbose readInstalled returning uglify-js@1.2.6
768 verbose readInstalled returning commander@0.6.1
769 verbose readInstalled returning growl@1.5.1
770 verbose readInstalled returning jade@0.26.3
771 verbose readInstalled returning diff@1.0.2
772 verbose readInstalled returning debug@0.7.2
773 verbose readInstalled returning mkdirp@0.3.3
774 verbose readInstalled returning ms@0.3.0
775 verbose readInstalled returning mkdirp@0.3.0
776 verbose readInstalled returning ycssmin@1.0.1
777 verbose readInstalled returning backbone@0.9.2
778 verbose readInstalled returning cli-color@0.1.7
779 verbose readInstalled returning express@2.5.11
780 verbose readInstalled returning jade@0.26.3
781 verbose readInstalled returning moment@1.6.2
782 verbose readInstalled returning mkdirp@0.3.4
783 verbose readInstalled returning nib@0.8.2
784 verbose readInstalled returning optimist@0.3.4
785 verbose readInstalled returning requirejs@1.0.8
786 verbose readInstalled returning request@2.9.203
787 verbose readInstalled returning socket.io@0.9.10
788 verbose readInstalled returning stylus@0.29.0
789 verbose readInstalled returning underscore@1.3.3
790 verbose readInstalled returning useragent@1.1.0
791 verbose readInstalled returning winston@0.6.2
792 verbose readInstalled returning es5-ext@0.8.2
793 verbose readInstalled returning connect@1.9.2
794 verbose readInstalled returning mime@1.2.4
795 verbose readInstalled returning qs@0.4.2
796 verbose readInstalled returning mkdirp@0.3.0
797 verbose readInstalled returning formidable@1.0.11
798 verbose readInstalled returning commander@0.6.1
799 verbose readInstalled returning mkdirp@0.3.0
800 verbose readInstalled returning wordwrap@0.0.2
801 verbose readInstalled returning socket.io-client@0.9.10
802 verbose readInstalled returning policyfile@0.0.4
803 verbose readInstalled returning redis@0.7.2
804 verbose readInstalled returning uglify-js@1.2.5
805 verbose readInstalled returning ws@0.4.21
806 verbose readInstalled returning xmlhttprequest@1.4.2
807 verbose readInstalled returning active-x-obfuscator@0.0.1
808 verbose readInstalled returning commander@0.6.1
809 verbose readInstalled returning tinycolor@0.0.1
810 verbose readInstalled returning options@0.0.3
811 verbose readInstalled returning zeparser@0.0.5
812 verbose readInstalled returning hiredis@0.1.14
813 verbose readInstalled returning cssom@0.2.5
814 verbose readInstalled returning debug@0.7.0
815 verbose readInstalled returning yamlparser@0.0.2
816 verbose readInstalled returning request@2.9.202
817 verbose readInstalled returning semver@1.0.14
818 verbose readInstalled returning async@0.1.22
819 verbose readInstalled returning colors@0.6.0-1
820 verbose readInstalled returning cycle@1.0.0
821 verbose readInstalled returning eyes@0.1.8
822 verbose readInstalled returning pkginfo@0.2.3
823 verbose readInstalled returning stack-trace@0.0.6
824 verbose readInstalled returning socket.io@0.9.0
825 verbose readInstalled returning filed@0.0.6
826 verbose readInstalled returning routes@0.1.0
827 verbose readInstalled returning socket.io-client@0.9.0
828 verbose readInstalled returning policyfile@0.0.4
829 verbose readInstalled returning redis@0.6.7
830 verbose readInstalled returning uglify-js@1.2.5
831 verbose readInstalled returning ws@0.4.0
832 verbose readInstalled returning xmlhttprequest@1.2.2
833 verbose readInstalled returning commander@0.5.0
834 verbose readInstalled returning options@0.0.2
835 verbose readInstalled returning request@2.9.203
836 verbose readInstalled returning eventvat@0.2.0
837 verbose readInstalled returning streamify@0.1.1
838 verbose readInstalled returning hashish@0.0.4
839 verbose readInstalled returning nomnom@1.5.2
840 verbose readInstalled returning colors@0.6.0-1
841 verbose readInstalled returning progress-bar@0.1.1
842 verbose readInstalled returning eventemitter2@0.4.9
843 verbose readInstalled returning eventyoshi@0.1.4
844 verbose readInstalled returning traverse@0.6.3
845 verbose readInstalled returning underscore@1.1.7
846 verbose readInstalled returning colors@0.5.1
847 verbose readInstalled returning undefined
848 error peerinvalid The package flatiron does not satisfy its siblings' peerDependencies requirements!
848 error peerinvalid Peer flatiron-cli-config@0.1.3 wants flatiron@~0.1.9
848 error peerinvalid Peer flatiron-cli-users@0.1.1 wants flatiron@~0.1.9
849 error System Darwin 12.3.0
850 error command "node" "/usr/local/bin/npm" "install" "-g" "marked"
851 error cwd /Users/jessicalord/code/sheetsee-cache
852 error node -v v0.10.3
853 error npm -v 1.2.17
854 error code EPEERINVALID
855 verbose exit [ 1, true ]
